<?xml version="1.0" encoding="UTF-8"?>
<!-- Generated by org.testng.reporters.JUnitReportReporter -->
<testsuite hostname="DESKTOP-2G91LA5" failures="0" tests="1" name="SeleniumBasicsCommands.SeleniumCommands" time="39.211" errors="0" timestamp="2023-03-06T20:02:08 IST" skipped="0">
  <testcase classname="SeleniumBasicsCommands.SeleniumCommands" name="TC_017_verifyIsEnabled" time="39.211"/>
  <system-out/>
</testsuite> <!-- SeleniumBasicsCommands.SeleniumCommands -->
